Started GET "/" for ::1 at 2021-04-01 14:21:27 -0400
  [1m[35m (77.6ms)[0m  [1m[34mSELECT sqlite_version(*)[0m
Processing by Rails::WelcomeController#index as HTML
  Rendering C:/Ruby27-x64/lib/ruby/gems/2.7.0/gems/railties-6.1.3.1/lib/rails/templates/rails/welcome/index.html.erb
  Rendered C:/Ruby27-x64/lib/ruby/gems/2.7.0/gems/railties-6.1.3.1/lib/rails/templates/rails/welcome/index.html.erb (Duration: 107.2ms | Allocations: 466)
Completed 200 OK in 287ms (Views: 175.7ms | ActiveRecord: 0.0ms | Allocations: 3846)


DEPRECATION WARNING: [] is deprecated and will be removed from Rails 6.2 (Use configs_for) (called from migration_template at (erb):6)
DEPRECATION WARNING: [] is deprecated and will be removed from Rails 6.2 (Use configs_for) (called from migration_template at (erb):6)
DEPRECATION WARNING: [] is deprecated and will be removed from Rails 6.2 (Use configs_for) (called from <main> at bin/rails:4)
DEPRECATION WARNING: [] is deprecated and will be removed from Rails 6.2 (Use configs_for) (called from <main> at bin/rails:4)
DEPRECATION WARNING: [] is deprecated and will be removed from Rails 6.2 (Use configs_for) (called from <main> at bin/rails:4)
DEPRECATION WARNING: [] is deprecated and will be removed from Rails 6.2 (Use configs_for) (called from <main> at bin/rails:4)
DEPRECATION WARNING: [] is deprecated and will be removed from Rails 6.2 (Use configs_for) (called from <main> at bin/rails:4)
  [1m[35m (1.1ms)[0m  [1m[34mSELECT sqlite_version(*)[0m
  [1m[35m (296.8ms)[0m  [1m[35mCREATE TABLE "schema_migrations" ("version" varchar NOT NULL PRIMARY KEY)[0m
  [1m[35m (154.8ms)[0m  [1m[35mCREATE TABLE "ar_internal_metadata" ("key" varchar NOT NULL PRIMARY KEY, "value" varchar, "created_at" datetime(6) NOT NULL, "updated_at" datetime(6) NOT NULL)[0m
  [1m[35m (0.6ms)[0m  [1m[34mSELECT "schema_migrations"."version" FROM "schema_migrations" ORDER BY "schema_migrations"."version" ASC[0m
Migrating to DeviseCreateUsers (20210401184128)
  [1m[36mTRANSACTION (0.2ms)[0m  [1m[36mbegin transaction[0m
  [1m[35m (28.8ms)[0m  [1m[35mCREATE TABLE "users" ("id" integer PRIMARY KEY AUTOINCREMENT NOT NULL, "email" varchar DEFAULT '' NOT NULL, "encrypted_password" varchar DEFAULT '' NOT NULL, "reset_password_token" varchar, "reset_password_sent_at" datetime, "remember_created_at" datetime, "created_at" datetime(6) NOT NULL, "updated_at" datetime(6) NOT NULL)[0m
  [1m[35m (0.7ms)[0m  [1m[35mCREATE UNIQUE INDEX "index_users_on_email" ON "users" ("email")[0m
  [1m[35m (0.7ms)[0m  [1m[35mCREATE UNIQUE INDEX "index_users_on_reset_password_token" ON "users" ("reset_password_token")[0m
  [1m[36mActiveRecord::SchemaMigration Create (0.5ms)[0m  [1m[32mINSERT INTO "schema_migrations" ("version") VALUES (?)[0m  [["version", "20210401184128"]]
  [1m[36mTRANSACTION (150.3ms)[0m  [1m[36mcommit transaction[0m
  [1m[36mActiveRecord::InternalMetadata Load (0.9ms)[0m  [1m[34mSELECT "ar_internal_metadata".* FROM "ar_internal_metadata" WHERE "ar_internal_metadata"."key" = ? LIMIT ?[0m  [["key", "environment"], ["LIMIT", 1]]
  [1m[36mTRANSACTION (0.2ms)[0m  [1m[36mbegin transaction[0m
  [1m[36mActiveRecord::InternalMetadata Create (11.2ms)[0m  [1m[32mINSERT INTO "ar_internal_metadata" ("key", "value", "created_at", "updated_at") VALUES (?, ?, ?, ?)[0m  [["key", "environment"], ["value", "development"], ["created_at", "2021-04-01 18:41:59.382460"], ["updated_at", "2021-04-01 18:41:59.382460"]]
  [1m[36mTRANSACTION (121.9ms)[0m  [1m[36mcommit transaction[0m
  [1m[35m (0.2ms)[0m  [1m[34mSELECT sqlite_version(*)[0m
  [1m[35m (0.7ms)[0m  [1m[34mSELECT "schema_migrations"."version" FROM "schema_migrations" ORDER BY "schema_migrations"."version" ASC[0m
Started GET "/" for ::1 at 2021-04-01 14:43:43 -0400
  [1m[35m (1.3ms)[0m  [1m[34mSELECT sqlite_version(*)[0m
  [1m[35m (0.5ms)[0m  [1m[34mSELECT "schema_migrations"."version" FROM "schema_migrations" ORDER BY "schema_migrations"."version" ASC[0m
Processing by Rails::WelcomeController#index as HTML
  Rendering C:/Ruby27-x64/lib/ruby/gems/2.7.0/gems/railties-6.1.3.1/lib/rails/templates/rails/welcome/index.html.erb
  Rendered C:/Ruby27-x64/lib/ruby/gems/2.7.0/gems/railties-6.1.3.1/lib/rails/templates/rails/welcome/index.html.erb (Duration: 14.7ms | Allocations: 339)
Completed 200 OK in 47ms (Views: 21.0ms | ActiveRecord: 0.0ms | Allocations: 2509)


Started GET "/users" for ::1 at 2021-04-01 14:44:00 -0400
  
ActionController::RoutingError (No route matches [GET] "/users"):
  
Started GET "/users/sign_up" for ::1 at 2021-04-01 14:44:15 -0400
Processing by Devise::RegistrationsController#new as HTML
  Rendering layout layouts/application.html.erb
  Rendering C:/Ruby27-x64/lib/ruby/gems/2.7.0/gems/devise-4.7.3/app/views/devise/registrations/new.html.erb within layouts/application
  Rendered C:/Ruby27-x64/lib/ruby/gems/2.7.0/gems/devise-4.7.3/app/views/devise/shared/_error_messages.html.erb (Duration: 1.7ms | Allocations: 223)
  Rendered C:/Ruby27-x64/lib/ruby/gems/2.7.0/gems/devise-4.7.3/app/views/devise/shared/_links.html.erb (Duration: 3.3ms | Allocations: 528)
  Rendered C:/Ruby27-x64/lib/ruby/gems/2.7.0/gems/devise-4.7.3/app/views/devise/registrations/new.html.erb within layouts/application (Duration: 369.6ms | Allocations: 8813)
[Webpacker] Compiling...
[Webpacker] Compiled all packs in C:/Users/132ju/OneDrive/Documents/WebApps/railsProject/Proj5/public/packs
[Webpacker] Hash: e332c6419728fac579d5
Version: webpack 4.46.0
Time: 19522ms
Built at: 04/01/2021 2:45:07 PM
                                     Asset       Size       Chunks                         Chunk Names
    js/application-f826770d917d8a37c1d8.js    125 KiB  application  [emitted] [immutable]  application
js/application-f826770d917d8a37c1d8.js.map    139 KiB  application  [emitted] [dev]        application
                             manifest.json  364 bytes               [emitted]              
Entrypoint application = js/application-f826770d917d8a37c1d8.js js/application-f826770d917d8a37c1d8.js.map
[./app/javascript/channels sync recursive _channel\.js$] ./app/javascript/channels sync _channel\.js$ 160 bytes {application} [built]
[./app/javascript/channels/index.js] 211 bytes {application} [built]
[./app/javascript/packs/application.js] 492 bytes {application} [built]
[./node_modules/webpack/buildin/module.js] (webpack)/buildin/module.js 552 bytes {application} [built]
    + 3 hidden modules

  Rendered layout layouts/application.html.erb (Duration: 51748.3ms | Allocations: 26064)
Completed 200 OK in 51829ms (Views: 51796.5ms | ActiveRecord: 2.8ms | Allocations: 32210)


Started GET "/users/sign_in" for ::1 at 2021-04-01 14:45:49 -0400
Processing by Devise::SessionsController#new as HTML
  Rendering layout layouts/application.html.erb
  Rendering C:/Ruby27-x64/lib/ruby/gems/2.7.0/gems/devise-4.7.3/app/views/devise/sessions/new.html.erb within layouts/application
  Rendered C:/Ruby27-x64/lib/ruby/gems/2.7.0/gems/devise-4.7.3/app/views/devise/shared/_links.html.erb (Duration: 1.5ms | Allocations: 220)
  Rendered C:/Ruby27-x64/lib/ruby/gems/2.7.0/gems/devise-4.7.3/app/views/devise/sessions/new.html.erb within layouts/application (Duration: 54.1ms | Allocations: 1864)
[Webpacker] Everything's up-to-date. Nothing to do
  Rendered layout layouts/application.html.erb (Duration: 153.5ms | Allocations: 5799)
Completed 200 OK in 205ms (Views: 176.5ms | ActiveRecord: 0.0ms | Allocations: 7547)


Started GET "/users/password/new" for ::1 at 2021-04-01 14:45:53 -0400
Processing by Devise::PasswordsController#new as HTML
  Rendering layout layouts/application.html.erb
  Rendering C:/Ruby27-x64/lib/ruby/gems/2.7.0/gems/devise-4.7.3/app/views/devise/passwords/new.html.erb within layouts/application
  Rendered C:/Ruby27-x64/lib/ruby/gems/2.7.0/gems/devise-4.7.3/app/views/devise/shared/_error_messages.html.erb (Duration: 0.2ms | Allocations: 46)
  Rendered C:/Ruby27-x64/lib/ruby/gems/2.7.0/gems/devise-4.7.3/app/views/devise/shared/_links.html.erb (Duration: 0.6ms | Allocations: 156)
  Rendered C:/Ruby27-x64/lib/ruby/gems/2.7.0/gems/devise-4.7.3/app/views/devise/passwords/new.html.erb within layouts/application (Duration: 6.4ms | Allocations: 971)
[Webpacker] Everything's up-to-date. Nothing to do
  Rendered layout layouts/application.html.erb (Duration: 102.2ms | Allocations: 4871)
Completed 200 OK in 132ms (Views: 120.2ms | ActiveRecord: 0.0ms | Allocations: 6101)


Started POST "/users/password" for ::1 at 2021-04-01 14:45:58 -0400
Processing by Devise::PasswordsController#create as HTML
  Parameters: {"authenticity_token"=>"[FILTERED]", "user"=>{"email"=>""}, "commit"=>"Send me reset password instructions"}
  Rendering layout layouts/application.html.erb
  Rendering C:/Ruby27-x64/lib/ruby/gems/2.7.0/gems/devise-4.7.3/app/views/devise/passwords/new.html.erb within layouts/application
  Rendered C:/Ruby27-x64/lib/ruby/gems/2.7.0/gems/devise-4.7.3/app/views/devise/shared/_error_messages.html.erb (Duration: 3.2ms | Allocations: 582)
  Rendered C:/Ruby27-x64/lib/ruby/gems/2.7.0/gems/devise-4.7.3/app/views/devise/shared/_links.html.erb (Duration: 0.6ms | Allocations: 150)
  Rendered C:/Ruby27-x64/lib/ruby/gems/2.7.0/gems/devise-4.7.3/app/views/devise/passwords/new.html.erb within layouts/application (Duration: 10.2ms | Allocations: 1788)
[Webpacker] Everything's up-to-date. Nothing to do
  Rendered layout layouts/application.html.erb (Duration: 109.1ms | Allocations: 5705)
Completed 200 OK in 172ms (Views: 113.3ms | ActiveRecord: 0.0ms | Allocations: 8127)


Started GET "/users/sign_up" for ::1 at 2021-04-01 14:46:05 -0400
Processing by Devise::RegistrationsController#new as HTML
  Rendering layout layouts/application.html.erb
  Rendering C:/Ruby27-x64/lib/ruby/gems/2.7.0/gems/devise-4.7.3/app/views/devise/registrations/new.html.erb within layouts/application
  Rendered C:/Ruby27-x64/lib/ruby/gems/2.7.0/gems/devise-4.7.3/app/views/devise/shared/_error_messages.html.erb (Duration: 0.2ms | Allocations: 46)
  Rendered C:/Ruby27-x64/lib/ruby/gems/2.7.0/gems/devise-4.7.3/app/views/devise/shared/_links.html.erb (Duration: 0.4ms | Allocations: 107)
  Rendered C:/Ruby27-x64/lib/ruby/gems/2.7.0/gems/devise-4.7.3/app/views/devise/registrations/new.html.erb within layouts/application (Duration: 6.3ms | Allocations: 1066)
[Webpacker] Everything's up-to-date. Nothing to do
  Rendered layout layouts/application.html.erb (Duration: 102.3ms | Allocations: 5035)
Completed 200 OK in 106ms (Views: 105.1ms | ActiveRecord: 0.0ms | Allocations: 5552)


Started GET "/users/sign_up" for ::1 at 2021-04-01 14:46:38 -0400
Processing by Devise::RegistrationsController#new as HTML
  Rendering layout layouts/application.html.erb
  Rendering C:/Ruby27-x64/lib/ruby/gems/2.7.0/gems/devise-4.7.3/app/views/devise/registrations/new.html.erb within layouts/application
  Rendered C:/Ruby27-x64/lib/ruby/gems/2.7.0/gems/devise-4.7.3/app/views/devise/shared/_error_messages.html.erb (Duration: 0.1ms | Allocations: 46)
  Rendered C:/Ruby27-x64/lib/ruby/gems/2.7.0/gems/devise-4.7.3/app/views/devise/shared/_links.html.erb (Duration: 0.6ms | Allocations: 106)
  Rendered C:/Ruby27-x64/lib/ruby/gems/2.7.0/gems/devise-4.7.3/app/views/devise/registrations/new.html.erb within layouts/application (Duration: 6.9ms | Allocations: 1057)
[Webpacker] Everything's up-to-date. Nothing to do
  Rendered layout layouts/application.html.erb (Duration: 104.2ms | Allocations: 5025)
Completed 200 OK in 110ms (Views: 108.7ms | ActiveRecord: 0.0ms | Allocations: 5536)


Started GET "/users/sign_up" for ::1 at 2021-04-01 14:46:42 -0400
Processing by Devise::RegistrationsController#new as HTML
  Rendering layout layouts/application.html.erb
  Rendering C:/Ruby27-x64/lib/ruby/gems/2.7.0/gems/devise-4.7.3/app/views/devise/registrations/new.html.erb within layouts/application
  Rendered C:/Ruby27-x64/lib/ruby/gems/2.7.0/gems/devise-4.7.3/app/views/devise/shared/_error_messages.html.erb (Duration: 0.3ms | Allocations: 46)
  Rendered C:/Ruby27-x64/lib/ruby/gems/2.7.0/gems/devise-4.7.3/app/views/devise/shared/_links.html.erb (Duration: 0.3ms | Allocations: 106)
  Rendered C:/Ruby27-x64/lib/ruby/gems/2.7.0/gems/devise-4.7.3/app/views/devise/registrations/new.html.erb within layouts/application (Duration: 6.4ms | Allocations: 1057)
[Webpacker] Everything's up-to-date. Nothing to do
  Rendered layout layouts/application.html.erb (Duration: 97.1ms | Allocations: 5026)
Completed 200 OK in 101ms (Views: 99.2ms | ActiveRecord: 0.0ms | Allocations: 5538)


Started GET "/users/sign_up" for ::1 at 2021-04-01 14:46:46 -0400
Processing by Devise::RegistrationsController#new as HTML
  Rendering layout layouts/application.html.erb
  Rendering C:/Ruby27-x64/lib/ruby/gems/2.7.0/gems/devise-4.7.3/app/views/devise/registrations/new.html.erb within layouts/application
  Rendered C:/Ruby27-x64/lib/ruby/gems/2.7.0/gems/devise-4.7.3/app/views/devise/shared/_error_messages.html.erb (Duration: 0.2ms | Allocations: 46)
  Rendered C:/Ruby27-x64/lib/ruby/gems/2.7.0/gems/devise-4.7.3/app/views/devise/shared/_links.html.erb (Duration: 0.7ms | Allocations: 106)
  Rendered C:/Ruby27-x64/lib/ruby/gems/2.7.0/gems/devise-4.7.3/app/views/devise/registrations/new.html.erb within layouts/application (Duration: 8.0ms | Allocations: 1057)
[Webpacker] Everything's up-to-date. Nothing to do
  Rendered layout layouts/application.html.erb (Duration: 107.9ms | Allocations: 5025)
Completed 200 OK in 114ms (Views: 111.9ms | ActiveRecord: 0.0ms | Allocations: 5536)


Started GET "/users/sign_up" for ::1 at 2021-04-01 14:46:48 -0400
Processing by Devise::RegistrationsController#new as HTML
  Rendering layout layouts/application.html.erb
  Rendering C:/Ruby27-x64/lib/ruby/gems/2.7.0/gems/devise-4.7.3/app/views/devise/registrations/new.html.erb within layouts/application
  Rendered C:/Ruby27-x64/lib/ruby/gems/2.7.0/gems/devise-4.7.3/app/views/devise/shared/_error_messages.html.erb (Duration: 0.2ms | Allocations: 46)
  Rendered C:/Ruby27-x64/lib/ruby/gems/2.7.0/gems/devise-4.7.3/app/views/devise/shared/_links.html.erb (Duration: 0.4ms | Allocations: 106)
  Rendered C:/Ruby27-x64/lib/ruby/gems/2.7.0/gems/devise-4.7.3/app/views/devise/registrations/new.html.erb within layouts/application (Duration: 6.5ms | Allocations: 1057)
[Webpacker] Everything's up-to-date. Nothing to do
  Rendered layout layouts/application.html.erb (Duration: 126.2ms | Allocations: 5028)
Completed 200 OK in 131ms (Views: 129.8ms | ActiveRecord: 0.0ms | Allocations: 5539)


Started GET "/users/sign_up" for ::1 at 2021-04-01 14:46:52 -0400
Processing by Devise::RegistrationsController#new as HTML
  Rendering layout layouts/application.html.erb
  Rendering C:/Ruby27-x64/lib/ruby/gems/2.7.0/gems/devise-4.7.3/app/views/devise/registrations/new.html.erb within layouts/application
  Rendered C:/Ruby27-x64/lib/ruby/gems/2.7.0/gems/devise-4.7.3/app/views/devise/shared/_error_messages.html.erb (Duration: 0.3ms | Allocations: 46)
  Rendered C:/Ruby27-x64/lib/ruby/gems/2.7.0/gems/devise-4.7.3/app/views/devise/shared/_links.html.erb (Duration: 0.6ms | Allocations: 106)
  Rendered C:/Ruby27-x64/lib/ruby/gems/2.7.0/gems/devise-4.7.3/app/views/devise/registrations/new.html.erb within layouts/application (Duration: 10.3ms | Allocations: 1057)
[Webpacker] Everything's up-to-date. Nothing to do
  Rendered layout layouts/application.html.erb (Duration: 109.8ms | Allocations: 5027)
Completed 200 OK in 117ms (Views: 114.3ms | ActiveRecord: 0.0ms | Allocations: 5552)


Started GET "/users/sign_up" for ::1 at 2021-04-01 14:46:58 -0400
Processing by Devise::RegistrationsController#new as HTML
  Rendering layout layouts/application.html.erb
  Rendering C:/Ruby27-x64/lib/ruby/gems/2.7.0/gems/devise-4.7.3/app/views/devise/registrations/new.html.erb within layouts/application
  Rendered C:/Ruby27-x64/lib/ruby/gems/2.7.0/gems/devise-4.7.3/app/views/devise/shared/_error_messages.html.erb (Duration: 0.2ms | Allocations: 46)
  Rendered C:/Ruby27-x64/lib/ruby/gems/2.7.0/gems/devise-4.7.3/app/views/devise/shared/_links.html.erb (Duration: 0.3ms | Allocations: 106)
  Rendered C:/Ruby27-x64/lib/ruby/gems/2.7.0/gems/devise-4.7.3/app/views/devise/registrations/new.html.erb within layouts/application (Duration: 3.3ms | Allocations: 1057)
[Webpacker] Everything's up-to-date. Nothing to do
  Rendered layout layouts/application.html.erb (Duration: 65.8ms | Allocations: 5029)
Completed 200 OK in 71ms (Views: 69.9ms | ActiveRecord: 0.0ms | Allocations: 5542)


  [1m[35m (33.0ms)[0m  [1m[34mSELECT sqlite_version(*)[0m
  [1m[35m (0.5ms)[0m  [1m[34mSELECT "schema_migrations"."version" FROM "schema_migrations" ORDER BY "schema_migrations"."version" ASC[0m
Migrating to UserLoginField (20210401185325)
  [1m[36mTRANSACTION (0.1ms)[0m  [1m[36mbegin transaction[0m
  [1m[35m (19.3ms)[0m  [1m[35mALTER TABLE "users" ADD "login" varchar[0m
  [1m[35m (0.6ms)[0m  [1m[35mCREATE UNIQUE INDEX "index_users_on_login" ON "users" ("login")[0m
  [1m[36mActiveRecord::SchemaMigration Create (0.5ms)[0m  [1m[32mINSERT INTO "schema_migrations" ("version") VALUES (?)[0m  [["version", "20210401185325"]]
  [1m[36mTRANSACTION (89.6ms)[0m  [1m[36mcommit transaction[0m
  [1m[36mActiveRecord::InternalMetadata Load (0.6ms)[0m  [1m[34mSELECT "ar_internal_metadata".* FROM "ar_internal_metadata" WHERE "ar_internal_metadata"."key" = ? LIMIT ?[0m  [["key", "environment"], ["LIMIT", 1]]
  [1m[35m (0.1ms)[0m  [1m[34mSELECT sqlite_version(*)[0m
  [1m[35m (0.5ms)[0m  [1m[34mSELECT "schema_migrations"."version" FROM "schema_migrations" ORDER BY "schema_migrations"."version" ASC[0m
  [1m[35m (1.2ms)[0m  [1m[34mSELECT sqlite_version(*)[0m
  [1m[35m (0.4ms)[0m  [1m[34mSELECT "schema_migrations"."version" FROM "schema_migrations" ORDER BY "schema_migrations"."version" ASC[0m
  [1m[36mActiveRecord::InternalMetadata Load (0.4ms)[0m  [1m[34mSELECT "ar_internal_metadata".* FROM "ar_internal_metadata" WHERE "ar_internal_metadata"."key" = ? LIMIT ?[0m  [["key", "environment"], ["LIMIT", 1]]
  [1m[35m (0.1ms)[0m  [1m[34mSELECT sqlite_version(*)[0m
  [1m[35m (0.3ms)[0m  [1m[34mSELECT "schema_migrations"."version" FROM "schema_migrations" ORDER BY "schema_migrations"."version" ASC[0m
  [1m[35m (1.2ms)[0m  [1m[34mSELECT sqlite_version(*)[0m
  [1m[35m (0.3ms)[0m  [1m[34mSELECT "schema_migrations"."version" FROM "schema_migrations" ORDER BY "schema_migrations"."version" ASC[0m
  [1m[36mActiveRecord::InternalMetadata Load (0.3ms)[0m  [1m[34mSELECT "ar_internal_metadata".* FROM "ar_internal_metadata" WHERE "ar_internal_metadata"."key" = ? LIMIT ?[0m  [["key", "environment"], ["LIMIT", 1]]
  [1m[35m (0.1ms)[0m  [1m[34mSELECT sqlite_version(*)[0m
  [1m[35m (0.2ms)[0m  [1m[34mSELECT "schema_migrations"."version" FROM "schema_migrations" ORDER BY "schema_migrations"."version" ASC[0m
Started GET "/users/sign_up" for ::1 at 2021-04-01 15:10:13 -0400
  [1m[35m (2.9ms)[0m  [1m[34mSELECT sqlite_version(*)[0m
  [1m[35m (0.9ms)[0m  [1m[34mSELECT "schema_migrations"."version" FROM "schema_migrations" ORDER BY "schema_migrations"."version" ASC[0m
Processing by Devise::RegistrationsController#new as HTML
  Rendering layout layouts/application.html.erb
  Rendering devise/registrations/new.html.erb within layouts/application
  Rendered devise/shared/_error_messages.html.erb (Duration: 2.4ms | Allocations: 227)
  Rendered devise/shared/_links.html.erb (Duration: 4.5ms | Allocations: 533)
  Rendered devise/registrations/new.html.erb within layouts/application (Duration: 368.1ms | Allocations: 7021)
[Webpacker] Everything's up-to-date. Nothing to do
  Rendered layout layouts/application.html.erb (Duration: 577.6ms | Allocations: 12736)
Completed 200 OK in 913ms (Views: 777.3ms | ActiveRecord: 3.5ms | Allocations: 20664)


Started GET "/" for ::1 at 2021-04-06 14:03:23 -0400
  [1m[35m (46.0ms)[0m  [1m[34mSELECT sqlite_version(*)[0m
  [1m[35m (0.4ms)[0m  [1m[34mSELECT "schema_migrations"."version" FROM "schema_migrations" ORDER BY "schema_migrations"."version" ASC[0m
Processing by Rails::WelcomeController#index as HTML
  Rendering C:/Ruby27-x64/lib/ruby/gems/2.7.0/gems/railties-6.1.3.1/lib/rails/templates/rails/welcome/index.html.erb
  Rendered C:/Ruby27-x64/lib/ruby/gems/2.7.0/gems/railties-6.1.3.1/lib/rails/templates/rails/welcome/index.html.erb (Duration: 207.5ms | Allocations: 339)
Completed 200 OK in 915ms (Views: 450.0ms | ActiveRecord: 0.0ms | Allocations: 2511)


Started GET "/useras" for ::1 at 2021-04-06 14:03:33 -0400
  
ActionController::RoutingError (No route matches [GET] "/useras"):
  
Started GET "/users/sign_up" for ::1 at 2021-04-06 14:03:36 -0400
Processing by Devise::RegistrationsController#new as HTML
  Rendering layout layouts/application.html.erb
  Rendering devise/registrations/new.html.erb within layouts/application
  Rendered devise/shared/_error_messages.html.erb (Duration: 11.7ms | Allocations: 223)
  Rendered devise/shared/_links.html.erb (Duration: 28.1ms | Allocations: 528)
  Rendered devise/registrations/new.html.erb within layouts/application (Duration: 873.7ms | Allocations: 6812)
[Webpacker] Everything's up-to-date. Nothing to do
  Rendered layout layouts/application.html.erb (Duration: 1519.8ms | Allocations: 12518)
Completed 200 OK in 1624ms (Views: 1582.7ms | ActiveRecord: 3.6ms | Allocations: 18956)


Started POST "/users" for ::1 at 2021-04-06 14:04:15 -0400
Processing by Devise::RegistrationsController#create as HTML
  Parameters: {"authenticity_token"=>"[FILTERED]", "user"=>{"login"=>"alex", "email"=>"alex@alex.com", "password"=>"[FILTERED]", "password_confirmation"=>"[FILTERED]"}, "commit"=>"Sign up"}
[31mUnpermitted parameter: :email[0m
  Rendering layout layouts/application.html.erb
  Rendering devise/registrations/new.html.erb within layouts/application
  Rendered devise/shared/_error_messages.html.erb (Duration: 3.0ms | Allocations: 579)
  Rendered devise/shared/_links.html.erb (Duration: 0.4ms | Allocations: 107)
  Rendered devise/registrations/new.html.erb within layouts/application (Duration: 28.5ms | Allocations: 2332)
[Webpacker] Everything's up-to-date. Nothing to do
  Rendered layout layouts/application.html.erb (Duration: 116.1ms | Allocations: 6264)
Completed 200 OK in 1024ms (Views: 118.6ms | ActiveRecord: 0.0ms | Allocations: 12149)


Started POST "/users" for ::1 at 2021-04-06 14:04:30 -0400
Processing by Devise::RegistrationsController#create as HTML
  Parameters: {"authenticity_token"=>"[FILTERED]", "user"=>{"login"=>"alex", "email"=>"alex@alex.com", "password"=>"[FILTERED]", "password_confirmation"=>"[FILTERED]"}, "commit"=>"Sign up"}
[31mUnpermitted parameter: :email[0m
  Rendering layout layouts/application.html.erb
  Rendering devise/registrations/new.html.erb within layouts/application
  Rendered devise/shared/_error_messages.html.erb (Duration: 1.5ms | Allocations: 496)
  Rendered devise/shared/_links.html.erb (Duration: 0.3ms | Allocations: 106)
  Rendered devise/registrations/new.html.erb within layouts/application (Duration: 8.3ms | Allocations: 2239)
[Webpacker] Everything's up-to-date. Nothing to do
  Rendered layout layouts/application.html.erb (Duration: 87.2ms | Allocations: 6164)
Completed 200 OK in 697ms (Views: 90.6ms | ActiveRecord: 0.0ms | Allocations: 7986)


Started POST "/users" for ::1 at 2021-04-06 14:05:07 -0400
Processing by Devise::RegistrationsController#create as HTML
  Parameters: {"authenticity_token"=>"[FILTERED]", "user"=>{"login"=>"alex", "email"=>"alex@alex.com", "password"=>"[FILTERED]", "password_confirmation"=>"[FILTERED]"}, "commit"=>"Sign up"}
[31mUnpermitted parameter: :email[0m
  Rendering layout layouts/application.html.erb
  Rendering devise/registrations/new.html.erb within layouts/application
  Rendered devise/shared/_error_messages.html.erb (Duration: 2.5ms | Allocations: 496)
  Rendered devise/shared/_links.html.erb (Duration: 0.4ms | Allocations: 106)
  Rendered devise/registrations/new.html.erb within layouts/application (Duration: 10.1ms | Allocations: 2239)
[Webpacker] Everything's up-to-date. Nothing to do
  Rendered layout layouts/application.html.erb (Duration: 83.6ms | Allocations: 6168)
Completed 200 OK in 613ms (Views: 86.6ms | ActiveRecord: 0.0ms | Allocations: 7969)


Started GET "/users" for ::1 at 2021-04-06 14:10:03 -0400
  
ActionController::RoutingError (No route matches [GET] "/users"):
  
Started GET "/users/sign_up" for ::1 at 2021-04-06 14:10:12 -0400
Processing by Devise::RegistrationsController#new as HTML
  [1m[35m (0.2ms)[0m  [1m[34mSELECT sqlite_version(*)[0m
  Rendering layout layouts/application.html.erb
  Rendering devise/registrations/new.html.erb within layouts/application
  Rendered devise/shared/_error_messages.html.erb (Duration: 0.2ms | Allocations: 46)
  Rendered devise/shared/_links.html.erb (Duration: 0.4ms | Allocations: 115)
  Rendered devise/registrations/new.html.erb within layouts/application (Duration: 6.6ms | Allocations: 1319)
[Webpacker] Everything's up-to-date. Nothing to do
  Rendered layout layouts/application.html.erb (Duration: 82.5ms | Allocations: 5263)
Completed 200 OK in 116ms (Views: 93.0ms | ActiveRecord: 3.2ms | Allocations: 10958)


Started POST "/users" for ::1 at 2021-04-06 14:10:32 -0400
Processing by Devise::RegistrationsController#create as HTML
  Parameters: {"authenticity_token"=>"[FILTERED]", "user"=>{"login"=>"alex", "email"=>"alex@cedarville.edu", "password"=>"[FILTERED]", "password_confirmation"=>"[FILTERED]"}, "commit"=>"Sign up"}
[31mUnpermitted parameter: :email[0m
  Rendering layout layouts/application.html.erb
  Rendering devise/registrations/new.html.erb within layouts/application
  Rendered devise/shared/_error_messages.html.erb (Duration: 1.9ms | Allocations: 496)
  Rendered devise/shared/_links.html.erb (Duration: 0.3ms | Allocations: 106)
  Rendered devise/registrations/new.html.erb within layouts/application (Duration: 8.4ms | Allocations: 2241)
[Webpacker] Everything's up-to-date. Nothing to do
  Rendered layout layouts/application.html.erb (Duration: 84.1ms | Allocations: 6164)
Completed 200 OK in 640ms (Views: 86.9ms | ActiveRecord: 0.0ms | Allocations: 8113)


Started GET "/users" for ::1 at 2021-04-06 14:15:05 -0400
  [1m[35m (0.9ms)[0m  [1m[34mSELECT sqlite_version(*)[0m
  [1m[35m (0.4ms)[0m  [1m[34mSELECT "schema_migrations"."version" FROM "schema_migrations" ORDER BY "schema_migrations"."version" ASC[0m
  
ActionController::RoutingError (No route matches [GET] "/users"):
  
Started GET "/users/sign_up" for ::1 at 2021-04-06 14:15:10 -0400
Processing by Devise::RegistrationsController#new as HTML
  Rendering layout layouts/application.html.erb
  Rendering devise/registrations/new.html.erb within layouts/application
  Rendered devise/shared/_error_messages.html.erb (Duration: 1.9ms | Allocations: 223)
  Rendered devise/shared/_links.html.erb (Duration: 1.9ms | Allocations: 528)
  Rendered devise/registrations/new.html.erb within layouts/application (Duration: 90.7ms | Allocations: 6798)
[Webpacker] Everything's up-to-date. Nothing to do
  Rendered layout layouts/application.html.erb (Duration: 201.2ms | Allocations: 12505)
Completed 200 OK in 276ms (Views: 238.2ms | ActiveRecord: 2.2ms | Allocations: 19816)


Started GET "/users/sign_up" for ::1 at 2021-04-06 14:15:15 -0400
Processing by Devise::RegistrationsController#new as HTML
  Rendering layout layouts/application.html.erb
  Rendering devise/registrations/new.html.erb within layouts/application
  Rendered devise/shared/_error_messages.html.erb (Duration: 0.2ms | Allocations: 46)
  Rendered devise/shared/_links.html.erb (Duration: 0.3ms | Allocations: 107)
  Rendered devise/registrations/new.html.erb within layouts/application (Duration: 5.3ms | Allocations: 1252)
[Webpacker] Everything's up-to-date. Nothing to do
  Rendered layout layouts/application.html.erb (Duration: 87.6ms | Allocations: 5230)
Completed 200 OK in 94ms (Views: 92.6ms | ActiveRecord: 0.0ms | Allocations: 5754)


Started POST "/users" for ::1 at 2021-04-06 14:15:28 -0400
Processing by Devise::RegistrationsController#create as HTML
  Parameters: {"authenticity_token"=>"[FILTERED]", "user"=>{"login"=>"alex", "email"=>"alex@alex.com", "password"=>"[FILTERED]", "password_confirmation"=>"[FILTERED]"}, "commit"=>"Sign up"}
[31mUnpermitted parameter: :email[0m
  Rendering layout layouts/application.html.erb
  Rendering devise/registrations/new.html.erb within layouts/application
  Rendered devise/shared/_error_messages.html.erb (Duration: 2.4ms | Allocations: 579)
  Rendered devise/shared/_links.html.erb (Duration: 0.4ms | Allocations: 106)
  Rendered devise/registrations/new.html.erb within layouts/application (Duration: 11.5ms | Allocations: 2325)
[Webpacker] Everything's up-to-date. Nothing to do
  Rendered layout layouts/application.html.erb (Duration: 96.9ms | Allocations: 6248)
Completed 200 OK in 727ms (Views: 99.0ms | ActiveRecord: 0.0ms | Allocations: 9476)


  [1m[35m (0.7ms)[0m  [1m[34mSELECT sqlite_version(*)[0m
  [1m[35m (0.6ms)[0m  [1m[34mSELECT "schema_migrations"."version" FROM "schema_migrations" ORDER BY "schema_migrations"."version" ASC[0m
  [1m[36mActiveRecord::InternalMetadata Load (0.8ms)[0m  [1m[34mSELECT "ar_internal_metadata".* FROM "ar_internal_metadata" WHERE "ar_internal_metadata"."key" = ? LIMIT ?[0m  [["key", "environment"], ["LIMIT", 1]]
  [1m[35m (0.2ms)[0m  [1m[34mSELECT sqlite_version(*)[0m
  [1m[35m (0.6ms)[0m  [1m[34mSELECT "schema_migrations"."version" FROM "schema_migrations" ORDER BY "schema_migrations"."version" ASC[0m
Started GET "/users" for ::1 at 2021-04-06 14:16:10 -0400
  [1m[35m (0.9ms)[0m  [1m[34mSELECT sqlite_version(*)[0m
  [1m[35m (0.5ms)[0m  [1m[34mSELECT "schema_migrations"."version" FROM "schema_migrations" ORDER BY "schema_migrations"."version" ASC[0m
  
ActionController::RoutingError (No route matches [GET] "/users"):
  
Started GET "/users/sign_up" for ::1 at 2021-04-06 14:16:17 -0400
Processing by Devise::RegistrationsController#new as HTML
  Rendering layout layouts/application.html.erb
  Rendering devise/registrations/new.html.erb within layouts/application
  Rendered devise/shared/_error_messages.html.erb (Duration: 1.8ms | Allocations: 223)
  Rendered devise/shared/_links.html.erb (Duration: 2.1ms | Allocations: 528)
  Rendered devise/registrations/new.html.erb within layouts/application (Duration: 95.2ms | Allocations: 6798)
[Webpacker] Everything's up-to-date. Nothing to do
  Rendered layout layouts/application.html.erb (Duration: 198.0ms | Allocations: 12505)
Completed 200 OK in 275ms (Views: 236.7ms | ActiveRecord: 2.4ms | Allocations: 19816)


Started POST "/users" for ::1 at 2021-04-06 14:16:31 -0400
Processing by Devise::RegistrationsController#create as HTML
  Parameters: {"authenticity_token"=>"[FILTERED]", "user"=>{"login"=>"alex", "email"=>"alex@alex.com", "password"=>"[FILTERED]", "password_confirmation"=>"[FILTERED]"}, "commit"=>"Sign up"}
[31mUnpermitted parameter: :email[0m
  Rendering layout layouts/application.html.erb
  Rendering devise/registrations/new.html.erb within layouts/application
  Rendered devise/shared/_error_messages.html.erb (Duration: 1.9ms | Allocations: 579)
  Rendered devise/shared/_links.html.erb (Duration: 0.3ms | Allocations: 107)
  Rendered devise/registrations/new.html.erb within layouts/application (Duration: 8.0ms | Allocations: 2332)
[Webpacker] Everything's up-to-date. Nothing to do
  Rendered layout layouts/application.html.erb (Duration: 73.3ms | Allocations: 6255)
Completed 200 OK in 669ms (Views: 75.0ms | ActiveRecord: 0.0ms | Allocations: 9486)


Started GET "/users" for ::1 at 2021-04-06 14:19:56 -0400
  
ActionController::RoutingError (No route matches [GET] "/users"):
  
Started GET "/users/sign_up" for ::1 at 2021-04-06 14:20:00 -0400
Processing by RegistrationsController#new as HTML
  [1m[35m (0.1ms)[0m  [1m[34mSELECT sqlite_version(*)[0m
  Rendering layout layouts/application.html.erb
  Rendering devise/registrations/new.html.erb within layouts/application
  Rendered devise/shared/_error_messages.html.erb (Duration: 0.2ms | Allocations: 46)
  Rendered devise/shared/_links.html.erb (Duration: 0.3ms | Allocations: 113)
  Rendered devise/registrations/new.html.erb within layouts/application (Duration: 6.5ms | Allocations: 1317)
[Webpacker] Everything's up-to-date. Nothing to do
  Rendered layout layouts/application.html.erb (Duration: 63.8ms | Allocations: 5261)
Completed 200 OK in 115ms (Views: 84.8ms | ActiveRecord: 4.0ms | Allocations: 11666)


Started GET "/users/sig" for ::1 at 2021-04-06 14:20:04 -0400
  
ActionController::RoutingError (No route matches [GET] "/users/sig"):
  
Started GET "/users/sign_up" for ::1 at 2021-04-06 14:20:09 -0400
Processing by RegistrationsController#new as HTML
  Rendering layout layouts/application.html.erb
  Rendering devise/registrations/new.html.erb within layouts/application
  Rendered devise/shared/_error_messages.html.erb (Duration: 0.2ms | Allocations: 46)
  Rendered devise/shared/_links.html.erb (Duration: 0.3ms | Allocations: 106)
  Rendered devise/registrations/new.html.erb within layouts/application (Duration: 4.4ms | Allocations: 1245)
[Webpacker] Everything's up-to-date. Nothing to do
  Rendered layout layouts/application.html.erb (Duration: 87.8ms | Allocations: 5232)
Completed 200 OK in 92ms (Views: 90.2ms | ActiveRecord: 0.0ms | Allocations: 5807)


Started POST "/users" for ::1 at 2021-04-06 14:20:18 -0400
Processing by RegistrationsController#create as HTML
  Parameters: {"authenticity_token"=>"[FILTERED]", "user"=>{"login"=>"alex", "email"=>"alex@alex.com", "password"=>"[FILTERED]", "password_confirmation"=>"[FILTERED]"}, "commit"=>"Sign up"}
  [1m[36mTRANSACTION (0.2ms)[0m  [1m[36mbegin transaction[0m
  [1m[36mUser Exists? (0.7ms)[0m  [1m[34mSELECT 1 AS one FROM "users" WHERE "users"."email" = ? LIMIT ?[0m  [["email", "alex@alex.com"], ["LIMIT", 1]]
  [1m[36mUser Create (23.7ms)[0m  [1m[32mINSERT INTO "users" ("email", "encrypted_password", "created_at", "updated_at", "login") VALUES (?, ?, ?, ?, ?)[0m  [["email", "alex@alex.com"], ["encrypted_password", "$2a$12$Dp7hdpA6lR6Q3u21oGBWv.KfZUV1MK9owzU8ZIStRETju7oCW9shO"], ["created_at", "2021-04-06 18:20:19.503940"], ["updated_at", "2021-04-06 18:20:19.503940"], ["login", "alex"]]
  [1m[36mTRANSACTION (89.0ms)[0m  [1m[36mcommit transaction[0m
Redirected to http://localhost:3000/
Completed 302 Found in 725ms (ActiveRecord: 113.6ms | Allocations: 6570)


Started GET "/" for ::1 at 2021-04-06 14:20:19 -0400
Processing by Rails::WelcomeController#index as HTML
  Rendering C:/Ruby27-x64/lib/ruby/gems/2.7.0/gems/railties-6.1.3.1/lib/rails/templates/rails/welcome/index.html.erb
  Rendered C:/Ruby27-x64/lib/ruby/gems/2.7.0/gems/railties-6.1.3.1/lib/rails/templates/rails/welcome/index.html.erb (Duration: 11.5ms | Allocations: 221)
Completed 200 OK in 20ms (Views: 13.9ms | ActiveRecord: 0.0ms | Allocations: 953)


  [1m[35m (1.1ms)[0m  [1m[34mSELECT sqlite_version(*)[0m
  [1m[36mUser Load (0.5ms)[0m  [1m[34mSELECT "users".* FROM "users" /* loading for inspect */ LIMIT ?[0m  [["LIMIT", 11]]
  [1m[35m (0.6ms)[0m  [1m[34mSELECT sqlite_version(*)[0m
  [1m[35m (0.2ms)[0m  [1m[34mSELECT "schema_migrations"."version" FROM "schema_migrations" ORDER BY "schema_migrations"."version" ASC[0m
Migrating to CreatePlans (20210406183102)
  [1m[36mTRANSACTION (0.2ms)[0m  [1m[36mbegin transaction[0m
  [1m[35m (20.6ms)[0m  [1m[35mCREATE TABLE "plans" ("id" integer PRIMARY KEY AUTOINCREMENT NOT NULL, "name" varchar, "created_at" datetime(6) NOT NULL, "updated_at" datetime(6) NOT NULL)[0m
  [1m[36mActiveRecord::SchemaMigration Create (0.6ms)[0m  [1m[32mINSERT INTO "schema_migrations" ("version") VALUES (?)[0m  [["version", "20210406183102"]]
  [1m[36mTRANSACTION (121.9ms)[0m  [1m[36mcommit transaction[0m
  [1m[36mActiveRecord::InternalMetadata Load (0.7ms)[0m  [1m[34mSELECT "ar_internal_metadata".* FROM "ar_internal_metadata" WHERE "ar_internal_metadata"."key" = ? LIMIT ?[0m  [["key", "environment"], ["LIMIT", 1]]
  [1m[35m (0.2ms)[0m  [1m[34mSELECT sqlite_version(*)[0m
  [1m[35m (0.6ms)[0m  [1m[34mSELECT "schema_migrations"."version" FROM "schema_migrations" ORDER BY "schema_migrations"."version" ASC[0m
Started GET "/" for ::1 at 2021-04-06 14:34:13 -0400
  [1m[35m (0.1ms)[0m  [1m[34mSELECT sqlite_version(*)[0m
  [1m[35m (0.5ms)[0m  [1m[34mSELECT "schema_migrations"."version" FROM "schema_migrations" ORDER BY "schema_migrations"."version" ASC[0m
Processing by PlansController#index as HTML
  Rendering layout layouts/application.html.erb
  Rendering plans/index.html.erb within layouts/application
  [1m[36mPlan Load (0.5ms)[0m  [1m[34mSELECT "plans".* FROM "plans"[0m
  ↳ app/views/plans/index.html.erb:14
  Rendered plans/index.html.erb within layouts/application (Duration: 11.3ms | Allocations: 979)
[Webpacker] Everything's up-to-date. Nothing to do
  Rendered layout layouts/application.html.erb (Duration: 318.4ms | Allocations: 14955)
Completed 200 OK in 355ms (Views: 335.4ms | ActiveRecord: 0.5ms | Allocations: 16412)


Started GET "/plans/new" for ::1 at 2021-04-06 14:34:43 -0400
Processing by PlansController#new as HTML
  Rendering layout layouts/application.html.erb
  Rendering plans/new.html.erb within layouts/application
  Rendered plans/_form.html.erb (Duration: 6.4ms | Allocations: 883)
  Rendered plans/new.html.erb within layouts/application (Duration: 15.9ms | Allocations: 1229)
[Webpacker] Everything's up-to-date. Nothing to do
  Rendered layout layouts/application.html.erb (Duration: 95.9ms | Allocations: 5569)
Completed 200 OK in 112ms (Views: 98.2ms | ActiveRecord: 2.4ms | Allocations: 8097)


Started POST "/plans" for ::1 at 2021-04-06 14:34:47 -0400
Processing by PlansController#create as HTML
  Parameters: {"authenticity_token"=>"[FILTERED]", "plan"=>{"name"=>"plan1"}, "commit"=>"Create Plan"}
  [1m[36mTRANSACTION (0.1ms)[0m  [1m[36mbegin transaction[0m
  ↳ app/controllers/plans_controller.rb:27:in `block in create'
  [1m[36mPlan Create (2.7ms)[0m  [1m[32mINSERT INTO "plans" ("name", "created_at", "updated_at") VALUES (?, ?, ?)[0m  [["name", "plan1"], ["created_at", "2021-04-06 18:34:48.190930"], ["updated_at", "2021-04-06 18:34:48.190930"]]
  ↳ app/controllers/plans_controller.rb:27:in `block in create'
  [1m[36mTRANSACTION (92.3ms)[0m  [1m[36mcommit transaction[0m
  ↳ app/controllers/plans_controller.rb:27:in `block in create'
Redirected to http://localhost:3000/plans/1
Completed 302 Found in 130ms (ActiveRecord: 95.1ms | Allocations: 2520)


Started GET "/plans/1" for ::1 at 2021-04-06 14:34:48 -0400
Processing by PlansController#show as HTML
  Parameters: {"id"=>"1"}
  [1m[36mPlan Load (0.8ms)[0m  [1m[34mSELECT "plans".* FROM "plans" WHERE "plans"."id" = ? LIMIT ?[0m  [["id", 1], ["LIMIT", 1]]
  ↳ app/controllers/plans_controller.rb:62:in `set_plan'
  Rendering layout layouts/application.html.erb
  Rendering plans/show.html.erb within layouts/application
  Rendered plans/show.html.erb within layouts/application (Duration: 7.4ms | Allocations: 251)
[Webpacker] Everything's up-to-date. Nothing to do
  Rendered layout layouts/application.html.erb (Duration: 107.6ms | Allocations: 4604)
Completed 200 OK in 130ms (Views: 111.3ms | ActiveRecord: 0.8ms | Allocations: 5809)


Started GET "/plans" for ::1 at 2021-04-06 14:34:53 -0400
Processing by PlansController#index as HTML
  Rendering layout layouts/application.html.erb
  Rendering plans/index.html.erb within layouts/application
  [1m[36mPlan Load (0.4ms)[0m  [1m[34mSELECT "plans".* FROM "plans"[0m
  ↳ app/views/plans/index.html.erb:14
  Rendered plans/index.html.erb within layouts/application (Duration: 5.4ms | Allocations: 816)
[Webpacker] Everything's up-to-date. Nothing to do
  Rendered layout layouts/application.html.erb (Duration: 91.0ms | Allocations: 5181)
Completed 200 OK in 95ms (Views: 93.2ms | ActiveRecord: 0.4ms | Allocations: 5583)


  [1m[35m (1.2ms)[0m  [1m[34mSELECT sqlite_version(*)[0m
  [1m[35m (0.4ms)[0m  [1m[34mSELECT "schema_migrations"."version" FROM "schema_migrations" ORDER BY "schema_migrations"."version" ASC[0m
Migrating to AddUserIdToPlans (20210406185619)
  [1m[36mTRANSACTION (0.2ms)[0m  [1m[36mbegin transaction[0m
  [1m[35m (18.4ms)[0m  [1m[35mALTER TABLE "plans" ADD "user_id" integer[0m
  [1m[36mActiveRecord::SchemaMigration Create (0.5ms)[0m  [1m[32mINSERT INTO "schema_migrations" ("version") VALUES (?)[0m  [["version", "20210406185619"]]
  [1m[36mTRANSACTION (85.7ms)[0m  [1m[36mcommit transaction[0m
  [1m[36mActiveRecord::InternalMetadata Load (0.6ms)[0m  [1m[34mSELECT "ar_internal_metadata".* FROM "ar_internal_metadata" WHERE "ar_internal_metadata"."key" = ? LIMIT ?[0m  [["key", "environment"], ["LIMIT", 1]]
  [1m[35m (0.1ms)[0m  [1m[34mSELECT sqlite_version(*)[0m
  [1m[35m (0.5ms)[0m  [1m[34mSELECT "schema_migrations"."version" FROM "schema_migrations" ORDER BY "schema_migrations"."version" ASC[0m
